2023-05-27 21:28:45,704 [main] INFO nopCommerceV001 - **********Launching Browser**********
2023-05-27 21:28:45,727 [main] INFO nopCommerceV001 - **********Opening Url**********
2023-05-27 21:28:47,952 [main] INFO nopCommerceV001 - **********Launching Browser**********
2023-05-27 21:28:47,954 [main] INFO nopCommerceV001 - **********Opening Url**********
2023-05-27 21:28:50,159 [main] INFO nopCommerceV001 - **********Launching Browser**********
2023-05-27 21:28:50,161 [main] INFO nopCommerceV001 - **********Opening Url**********
2023-05-27 21:29:18,172 [main] INFO nopCommerceV001 - **********Launching Browser**********
2023-05-27 21:29:18,190 [main] INFO nopCommerceV001 - **********Opening Url**********
2023-05-27 21:29:26,807 [main] INFO nopCommerceV001 - **********Providing Login Details**********
2023-05-27 21:29:28,826 [main] INFO nopCommerceV001 - **********Launching Browser**********
2023-05-27 21:29:28,829 [main] INFO nopCommerceV001 - **********Opening Url**********
2023-05-27 21:29:33,003 [main] INFO nopCommerceV001 - **********Providing Login Details**********
2023-05-27 21:29:33,579 [main] INFO nopCommerceV001 - ********** Started Login **********
2023-05-28 08:08:34,102 [main] INFO nopCommerceV001 - **********Launching Browser**********
2023-05-28 08:08:34,131 [main] INFO nopCommerceV001 - **********Opening Url**********
2023-05-28 08:08:36,617 [main] INFO nopCommerceV001 - **********Providing Login Details**********
2023-05-28 08:08:36,983 [main] INFO nopCommerceV001 - ********** Started Login **********
2023-05-28 08:08:54,901 [main] INFO nopCommerceV001 - **********Adding New Customer **********
2023-05-28 08:09:14,591 [main] INFO nopCommerceV001 - **********Closing Browser**********
2023-05-28 08:09:17,212 [main] INFO nopCommerceV001 - **********Launching Browser**********
2023-05-28 08:09:17,212 [main] INFO nopCommerceV001 - **********Opening Url**********
2023-05-28 08:09:19,680 [main] INFO nopCommerceV001 - **********Providing Login Details**********
2023-05-28 08:09:19,981 [main] INFO nopCommerceV001 - ********** Started Login **********
2023-05-28 08:10:12,295 [main] INFO nopCommerceV001 - **********Launching Browser**********
2023-05-28 08:10:12,303 [main] INFO nopCommerceV001 - **********Opening Url**********
2023-05-28 08:10:16,291 [main] INFO nopCommerceV001 - **********Providing Login Details**********
2023-05-28 08:10:16,663 [main] INFO nopCommerceV001 - ********** Started Login **********
